Analysis & Synthesis report for smartgarage
Tue Nov 28 00:18:58 2023
Quartus Prime Version 22.1std.2 Build 922 07/20/2023 SC Lite Edition


---------------------
; Table of Contents ;
---------------------
  1. Legal Notice
  2. Analysis & Synthesis Summary
  3. Analysis & Synthesis Settings
  4. Parallel Compilation
  5. Analysis & Synthesis Source Files Read
  6. Analysis & Synthesis Resource Usage Summary
  7. Analysis & Synthesis Resource Utilization by Entity
  8. Registers Removed During Synthesis
  9. General Register Statistics
 10. Parameter Settings for User Entity Instance: sensor:GATE|servo:SERVO
 11. Port Connectivity Checks: "sensor:GATE|servo:SERVO"
 12. Post-Synthesis Netlist Statistics for Top Partition
 13. Elapsed Time Per Partition
 14. Analysis & Synthesis Messages



----------------
; Legal Notice ;
----------------
Copyright (C) 2023  Intel Corporation. All rights reserved.
Your use of Intel Corporation's design tools, logic functions 
and other software and tools, and any partner logic 
functions, and any output files from any of the foregoing 
(including device programming or simulation files), and any 
associated documentation or information are expressly subject 
to the terms and conditions of the Intel Program License 
Subscription Agreement, the Intel Quartus Prime License Agreement,
the Intel FPGA IP License Agreement, or other applicable license
agreement, including, without limitation, that your use is for
the sole purpose of programming logic devices manufactured by
Intel and sold by Intel or its authorized distributors.  Please
refer to the applicable agreement for further details, at
https://fpgasoftware.intel.com/eula.



+-------------------------------------------------------------------------------------+
; Analysis & Synthesis Summary                                                        ;
+------------------------------------+------------------------------------------------+
; Analysis & Synthesis Status        ; Successful - Tue Nov 28 00:18:58 2023          ;
; Quartus Prime Version              ; 22.1std.2 Build 922 07/20/2023 SC Lite Edition ;
; Revision Name                      ; smartgarage                                    ;
; Top-level Entity Name              ; smartgarage                                    ;
; Family                             ; MAX 10                                         ;
; Total logic elements               ; 150                                            ;
;     Total combinational functions  ; 148                                            ;
;     Dedicated logic registers      ; 85                                             ;
; Total registers                    ; 85                                             ;
; Total pins                         ; 25                                             ;
; Total virtual pins                 ; 0                                              ;
; Total memory bits                  ; 0                                              ;
; Embedded Multiplier 9-bit elements ; 0                                              ;
; Total PLLs                         ; 0                                              ;
; UFM blocks                         ; 0                                              ;
; ADC blocks                         ; 0                                              ;
+------------------------------------+------------------------------------------------+


+------------------------------------------------------------------------------------------------------------+
; Analysis & Synthesis Settings                                                                              ;
+------------------------------------------------------------------+--------------------+--------------------+
; Option                                                           ; Setting            ; Default Value      ;
+------------------------------------------------------------------+--------------------+--------------------+
; Device                                                           ; 10M50DAF484C6GES   ;                    ;
; Top-level entity name                                            ; smartgarage        ; smartgarage        ;
; Family name                                                      ; MAX 10             ; Cyclone V          ;
; Use smart compilation                                            ; Off                ; Off                ;
; Enable parallel Assembler and Timing Analyzer during compilation ; On                 ; On                 ;
; Enable compact report table                                      ; Off                ; Off                ;
; Restructure Multiplexers                                         ; Auto               ; Auto               ;
; Create Debugging Nodes for IP Cores                              ; Off                ; Off                ;
; Preserve fewer node names                                        ; On                 ; On                 ;
; Intel FPGA IP Evaluation Mode                                    ; Enable             ; Enable             ;
; Verilog Version                                                  ; Verilog_2001       ; Verilog_2001       ;
; VHDL Version                                                     ; VHDL_1993          ; VHDL_1993          ;
; State Machine Processing                                         ; Auto               ; Auto               ;
; Safe State Machine                                               ; Off                ; Off                ;
; Extract Verilog State Machines                                   ; On                 ; On                 ;
; Extract VHDL State Machines                                      ; On                 ; On                 ;
; Ignore Verilog initial constructs                                ; Off                ; Off                ;
; Iteration limit for constant Verilog loops                       ; 5000               ; 5000               ;
; Iteration limit for non-constant Verilog loops                   ; 250                ; 250                ;
; Add Pass-Through Logic to Inferred RAMs                          ; On                 ; On                 ;
; Infer RAMs from Raw Logic                                        ; On                 ; On                 ;
; Parallel Synthesis                                               ; On                 ; On                 ;
; DSP Block Balancing                                              ; Auto               ; Auto               ;
; NOT Gate Push-Back                                               ; On                 ; On                 ;
; Power-Up Don't Care                                              ; On                 ; On                 ;
; Remove Redundant Logic Cells                                     ; Off                ; Off                ;
; Remove Duplicate Registers                                       ; On                 ; On                 ;
; Ignore CARRY Buffers                                             ; Off                ; Off                ;
; Ignore CASCADE Buffers                                           ; Off                ; Off                ;
; Ignore GLOBAL Buffers                                            ; Off                ; Off                ;
; Ignore ROW GLOBAL Buffers                                        ; Off                ; Off                ;
; Ignore LCELL Buffers                                             ; Off                ; Off                ;
; Ignore SOFT Buffers                                              ; On                 ; On                 ;
; Limit AHDL Integers to 32 Bits                                   ; Off                ; Off                ;
; Optimization Technique                                           ; Balanced           ; Balanced           ;
; Carry Chain Length                                               ; 70                 ; 70                 ;
; Auto Carry Chains                                                ; On                 ; On                 ;
; Auto Open-Drain Pins                                             ; On                 ; On                 ;
; Perform WYSIWYG Primitive Resynthesis                            ; Off                ; Off                ;
; Auto ROM Replacement                                             ; On                 ; On                 ;
; Auto RAM Replacement                                             ; On                 ; On                 ;
; Auto DSP Block Replacement                                       ; On                 ; On                 ;
; Auto Shift Register Replacement                                  ; Auto               ; Auto               ;
; Allow Shift Register Merging across Hierarchies                  ; Auto               ; Auto               ;
; Auto Clock Enable Replacement                                    ; On                 ; On                 ;
; Strict RAM Replacement                                           ; Off                ; Off                ;
; Allow Synchronous Control Signals                                ; On                 ; On                 ;
; Force Use of Synchronous Clear Signals                           ; Off                ; Off                ;
; Auto RAM Block Balancing                                         ; On                 ; On                 ;
; Auto RAM to Logic Cell Conversion                                ; Off                ; Off                ;
; Auto Resource Sharing                                            ; Off                ; Off                ;
; Allow Any RAM Size For Recognition                               ; Off                ; Off                ;
; Allow Any ROM Size For Recognition                               ; Off                ; Off                ;
; Allow Any Shift Register Size For Recognition                    ; Off                ; Off                ;
; Use LogicLock Constraints during Resource Balancing              ; On                 ; On                 ;
; Ignore translate_off and synthesis_off directives                ; Off                ; Off                ;
; Timing-Driven Synthesis                                          ; On                 ; On                 ;
; Report Parameter Settings                                        ; On                 ; On                 ;
; Report Source Assignments                                        ; On                 ; On                 ;
; Report Connectivity Checks                                       ; On                 ; On                 ;
; Ignore Maximum Fan-Out Assignments                               ; Off                ; Off                ;
; Synchronization Register Chain Length                            ; 2                  ; 2                  ;
; Power Optimization During Synthesis                              ; Normal compilation ; Normal compilation ;
; HDL message level                                                ; Level2             ; Level2             ;
; Suppress Register Optimization Related Messages                  ; Off                ; Off                ;
; Number of Removed Registers Reported in Synthesis Report         ; 5000               ; 5000               ;
; Number of Swept Nodes Reported in Synthesis Report               ; 5000               ; 5000               ;
; Number of Inverted Registers Reported in Synthesis Report        ; 100                ; 100                ;
; Clock MUX Protection                                             ; On                 ; On                 ;
; Auto Gated Clock Conversion                                      ; Off                ; Off                ;
; Block Design Naming                                              ; Auto               ; Auto               ;
; SDC constraint protection                                        ; Off                ; Off                ;
; Synthesis Effort                                                 ; Auto               ; Auto               ;
; Shift Register Replacement - Allow Asynchronous Clear Signal     ; On                 ; On                 ;
; Pre-Mapping Resynthesis Optimization                             ; Off                ; Off                ;
; Analysis & Synthesis Message Level                               ; Medium             ; Medium             ;
; Disable Register Merging Across Hierarchies                      ; Auto               ; Auto               ;
; Resource Aware Inference For Block RAM                           ; On                 ; On                 ;
+------------------------------------------------------------------+--------------------+--------------------+


+------------------------------------------+
; Parallel Compilation                     ;
+----------------------------+-------------+
; Processors                 ; Number      ;
+----------------------------+-------------+
; Number detected on machine ; 12          ;
; Maximum allowed            ; 6           ;
;                            ;             ;
; Average used               ; 1.00        ;
; Maximum used               ; 6           ;
;                            ;             ;
; Usage by Processor         ; % Time Used ;
;     Processor 1            ; 100.0%      ;
;     Processors 2-6         ;   0.0%      ;
+----------------------------+-------------+


+-------------------------------------------------------------------------------------------------------------------------------------------------+
; Analysis & Synthesis Source Files Read                                                                                                          ;
+----------------------------------+-----------------+-----------------+----------------------------------------------------------------+---------+
; File Name with User-Entered Path ; Used in Netlist ; File Type       ; File Name with Absolute Path                                   ; Library ;
+----------------------------------+-----------------+-----------------+----------------------------------------------------------------+---------+
; smartgarage.vhd                  ; yes             ; User VHDL File  ; C:/Users/EGYPT_LAPTOP/Desktop/smart garage/smartgarage.vhd     ;         ;
; sensor.vhd                       ; yes             ; User VHDL File  ; C:/Users/EGYPT_LAPTOP/Desktop/smart garage/sensor.vhd          ;         ;
; segment_display.vhd              ; yes             ; User VHDL File  ; C:/Users/EGYPT_LAPTOP/Desktop/smart garage/segment_display.vhd ;         ;
; servo.vhd                        ; yes             ; User VHDL File  ; C:/Users/EGYPT_LAPTOP/Desktop/smart garage/servo.vhd           ;         ;
; BCD.vhd                          ; yes             ; User VHDL File  ; C:/Users/EGYPT_LAPTOP/Desktop/smart garage/BCD.vhd             ;         ;
+----------------------------------+-----------------+-----------------+----------------------------------------------------------------+---------+


+---------------------------------------------------------+
; Analysis & Synthesis Resource Usage Summary             ;
+---------------------------------------------+-----------+
; Resource                                    ; Usage     ;
+---------------------------------------------+-----------+
; Estimated Total logic elements              ; 150       ;
;                                             ;           ;
; Total combinational functions               ; 148       ;
; Logic element usage by number of LUT inputs ;           ;
;     -- 4 input functions                    ; 67        ;
;     -- 3 input functions                    ; 7         ;
;     -- <=2 input functions                  ; 74        ;
;                                             ;           ;
; Logic elements by mode                      ;           ;
;     -- normal mode                          ; 84        ;
;     -- arithmetic mode                      ; 64        ;
;                                             ;           ;
; Total registers                             ; 85        ;
;     -- Dedicated logic registers            ; 85        ;
;     -- I/O registers                        ; 0         ;
;                                             ;           ;
; I/O pins                                    ; 25        ;
;                                             ;           ;
; Embedded Multiplier 9-bit elements          ; 0         ;
;                                             ;           ;
; Maximum fan-out node                        ; clk~input ;
; Maximum fan-out                             ; 85        ;
; Total fan-out                               ; 763       ;
; Average fan-out                             ; 2.70      ;
+---------------------------------------------+-----------+


+-------------------------------------------------------------------------------------------------------------------------------------------------------------------------------------------------------------------------------------------------------------+
; Analysis & Synthesis Resource Utilization by Entity                                                                                                                                                                                                         ;
+-------------------------------+---------------------+---------------------------+-------------+------------+--------------+---------+-----------+------+--------------+------------+---------------------------------------+-----------------+--------------+
; Compilation Hierarchy Node    ; Combinational ALUTs ; Dedicated Logic Registers ; Memory Bits ; UFM Blocks ; DSP Elements ; DSP 9x9 ; DSP 18x18 ; Pins ; Virtual Pins ; ADC blocks ; Full Hierarchy Name                   ; Entity Name     ; Library Name ;
+-------------------------------+---------------------+---------------------------+-------------+------------+--------------+---------+-----------+------+--------------+------------+---------------------------------------+-----------------+--------------+
; |smartgarage                  ; 148 (0)             ; 85 (0)                    ; 0           ; 0          ; 0            ; 0       ; 0         ; 25   ; 0            ; 0          ; |smartgarage                          ; smartgarage     ; work         ;
;    |segment_display:Segment0| ; 7 (7)               ; 0 (0)                     ; 0           ; 0          ; 0            ; 0       ; 0         ; 0    ; 0            ; 0          ; |smartgarage|segment_display:Segment0 ; segment_display ; work         ;
;    |segment_display:Segment1| ; 7 (7)               ; 0 (0)                     ; 0           ; 0          ; 0            ; 0       ; 0         ; 0    ; 0            ; 0          ; |smartgarage|segment_display:Segment1 ; segment_display ; work         ;
;    |segment_display:Segment2| ; 7 (7)               ; 0 (0)                     ; 0           ; 0          ; 0            ; 0       ; 0         ; 0    ; 0            ; 0          ; |smartgarage|segment_display:Segment2 ; segment_display ; work         ;
;    |sensor:GATE|              ; 127 (1)             ; 85 (0)                    ; 0           ; 0          ; 0            ; 0       ; 0         ; 0    ; 0            ; 0          ; |smartgarage|sensor:GATE              ; sensor          ; work         ;
;       |BCD:BCD|               ; 51 (51)             ; 36 (36)                   ; 0           ; 0          ; 0            ; 0       ; 0         ; 0    ; 0            ; 0          ; |smartgarage|sensor:GATE|BCD:BCD      ; BCD             ; work         ;
;       |servo:SERVO|           ; 75 (75)             ; 49 (49)                   ; 0           ; 0          ; 0            ; 0       ; 0         ; 0    ; 0            ; 0          ; |smartgarage|sensor:GATE|servo:SERVO  ; servo           ; work         ;
+-------------------------------+---------------------+---------------------------+-------------+------------+--------------+---------+-----------+------+--------------+------------+---------------------------------------+-----------------+--------------+
Note: For table entries with two numbers listed, the numbers in parentheses indicate the number of resources of the given type used by the specific entity alone. The numbers listed outside of parentheses indicate the total resources of the given type used by the specific entity and all of its sub-entities in the hierarchy.


+------------------------------------------------------------------------------------------------------+
; Registers Removed During Synthesis                                                                   ;
+-------------------------------------------------+----------------------------------------------------+
; Register name                                   ; Reason for Removal                                 ;
+-------------------------------------------------+----------------------------------------------------+
; sensor:GATE|servo:SERVO|duty_cycle[0,2,6,10,14] ; Stuck at GND due to stuck port data_in             ;
; sensor:GATE|servo:SERVO|duty_cycle[1,4,5,13]    ; Merged with sensor:GATE|servo:SERVO|duty_cycle[11] ;
; sensor:GATE|servo:SERVO|duty_cycle[3,9]         ; Merged with sensor:GATE|servo:SERVO|duty_cycle[12] ;
; sensor:GATE|servo:SERVO|duty_cycle[8]           ; Merged with sensor:GATE|servo:SERVO|duty_cycle[7]  ;
; Total Number of Removed Registers = 12          ;                                                    ;
+-------------------------------------------------+----------------------------------------------------+


+------------------------------------------------------+
; General Register Statistics                          ;
+----------------------------------------------+-------+
; Statistic                                    ; Value ;
+----------------------------------------------+-------+
; Total registers                              ; 85    ;
; Number of registers using Synchronous Clear  ; 18    ;
; Number of registers using Synchronous Load   ; 0     ;
; Number of registers using Asynchronous Clear ; 24    ;
; Number of registers using Asynchronous Load  ; 0     ;
; Number of registers using Clock Enable       ; 76    ;
; Number of registers using Preset             ; 0     ;
+----------------------------------------------+-------+


+----------------------------------------------------------------------+
; Parameter Settings for User Entity Instance: sensor:GATE|servo:SERVO ;
+----------------+------------+----------------------------------------+
; Parameter Name ; Value      ; Type                                   ;
+----------------+------------+----------------------------------------+
; clk_hz         ; 10000000.0 ; Signed Float                           ;
; pulse_hz       ; 50.0       ; Signed Float                           ;
; min_pulse_us   ; 500.0      ; Signed Float                           ;
; max_pulse_us   ; 2500.0     ; Signed Float                           ;
; step_count     ; 256        ; Signed Integer                         ;
+----------------+------------+----------------------------------------+
Note: In order to hide this table in the UI and the text report file, please set the "Show Parameter Settings in Synthesis Report" option in "Analysis and Synthesis Settings -> More Settings" to "Off".


+-----------------------------------------------------+
; Port Connectivity Checks: "sensor:GATE|servo:SERVO" ;
+-------------+-------+----------+--------------------+
; Port        ; Type  ; Severity ; Details            ;
+-------------+-------+----------+--------------------+
; rst         ; Input ; Info     ; Stuck at GND       ;
; position[7] ; Input ; Info     ; Stuck at GND       ;
+-------------+-------+----------+--------------------+


+-----------------------------------------------------+
; Post-Synthesis Netlist Statistics for Top Partition ;
+-----------------------+-----------------------------+
; Type                  ; Count                       ;
+-----------------------+-----------------------------+
; boundary_port         ; 25                          ;
; cycloneiii_ff         ; 85                          ;
;     CLR               ; 1                           ;
;     ENA               ; 35                          ;
;     ENA CLR           ; 23                          ;
;     ENA SCLR          ; 18                          ;
;     plain             ; 8                           ;
; cycloneiii_lcell_comb ; 151                         ;
;     arith             ; 64                          ;
;         2 data inputs ; 63                          ;
;         3 data inputs ; 1                           ;
;     normal            ; 87                          ;
;         1 data inputs ; 10                          ;
;         2 data inputs ; 4                           ;
;         3 data inputs ; 6                           ;
;         4 data inputs ; 67                          ;
;                       ;                             ;
; Max LUT depth         ; 8.00                        ;
; Average LUT depth     ; 3.23                        ;
+-----------------------+-----------------------------+


+-------------------------------+
; Elapsed Time Per Partition    ;
+----------------+--------------+
; Partition Name ; Elapsed Time ;
+----------------+--------------+
; Top            ; 00:00:00     ;
+----------------+--------------+


+-------------------------------+
; Analysis & Synthesis Messages ;
+-------------------------------+
Info: *******************************************************************
Info: Running Quartus Prime Analysis & Synthesis
    Info: Version 22.1std.2 Build 922 07/20/2023 SC Lite Edition
    Info: Processing started: Tue Nov 28 00:18:44 2023
Info: Command: quartus_map --read_settings_files=on --write_settings_files=off smartgarage -c smartgarage
Warning (18236): Number of processors has not been specified which may cause overloading on shared machines.  Set the global assignment NUM_PARALLEL_PROCESSORS in your QSF to an appropriate value for best performance.
Info (20030): Parallel compilation is enabled and will use 6 of the 6 processors detected
Info (12021): Found 2 design units, including 1 entities, in source file smartgarage.vhd
    Info (12022): Found design unit 1: smartgarage-arch File: C:/Users/EGYPT_LAPTOP/Desktop/smart garage/smartgarage.vhd Line: 11
    Info (12023): Found entity 1: smartgarage File: C:/Users/EGYPT_LAPTOP/Desktop/smart garage/smartgarage.vhd Line: 4
Info (12021): Found 2 design units, including 1 entities, in source file sensor.vhd
    Info (12022): Found design unit 1: sensor-arch File: C:/Users/EGYPT_LAPTOP/Desktop/smart garage/sensor.vhd Line: 11
    Info (12023): Found entity 1: sensor File: C:/Users/EGYPT_LAPTOP/Desktop/smart garage/sensor.vhd Line: 4
Info (12021): Found 2 design units, including 1 entities, in source file segment_display.vhd
    Info (12022): Found design unit 1: segment_display-arch File: C:/Users/EGYPT_LAPTOP/Desktop/smart garage/segment_display.vhd Line: 11
    Info (12023): Found entity 1: segment_display File: C:/Users/EGYPT_LAPTOP/Desktop/smart garage/segment_display.vhd Line: 4
Info (12021): Found 2 design units, including 1 entities, in source file servo.vhd
    Info (12022): Found design unit 1: servo-rtl File: C:/Users/EGYPT_LAPTOP/Desktop/smart garage/servo.vhd Line: 22
    Info (12023): Found entity 1: servo File: C:/Users/EGYPT_LAPTOP/Desktop/smart garage/servo.vhd Line: 6
Info (12021): Found 2 design units, including 1 entities, in source file bcd.vhd
    Info (12022): Found design unit 1: BCD-arch File: C:/Users/EGYPT_LAPTOP/Desktop/smart garage/BCD.vhd Line: 14
    Info (12023): Found entity 1: BCD File: C:/Users/EGYPT_LAPTOP/Desktop/smart garage/BCD.vhd Line: 5
Info (12127): Elaborating entity "smartgarage" for the top level hierarchy
Info (12129): Elaborating entity "sensor" using architecture "A:arch" for hierarchy "sensor:GATE" File: C:/Users/EGYPT_LAPTOP/Desktop/smart garage/smartgarage.vhd Line: 16
Info (12129): Elaborating entity "servo" using architecture "A:rtl" for hierarchy "sensor:GATE|servo:SERVO" File: C:/Users/EGYPT_LAPTOP/Desktop/smart garage/sensor.vhd Line: 31
Info (12129): Elaborating entity "BCD" using architecture "A:arch" for hierarchy "sensor:GATE|BCD:BCD" File: C:/Users/EGYPT_LAPTOP/Desktop/smart garage/sensor.vhd Line: 46
Info (12129): Elaborating entity "segment_display" using architecture "A:arch" for hierarchy "segment_display:Segment0" File: C:/Users/EGYPT_LAPTOP/Desktop/smart garage/smartgarage.vhd Line: 26
Info (286030): Timing-Driven Synthesis is running
Info (16010): Generating hard_block partition "hard_block:auto_generated_inst"
    Info (16011): Adding 0 node(s), including 0 DDIO, 0 PLL, 0 transceiver and 0 LCELL
Info (21057): Implemented 176 device resources after synthesis - the final resource count might be different
    Info (21058): Implemented 3 input pins
    Info (21059): Implemented 22 output pins
    Info (21061): Implemented 151 logic cells
Info: Quartus Prime Analysis & Synthesis was successful. 0 errors, 1 warning
    Info: Peak virtual memory: 4839 megabytes
    Info: Processing ended: Tue Nov 28 00:18:58 2023
    Info: Elapsed time: 00:00:14
    Info: Total CPU time (on all processors): 00:00:23


